<?xml version="1.0" encoding="UTF-8"?>
<!-- Generated by org.testng.reporters.JUnitReportReporter -->
<testsuite skipped="0" hostname="HP" name="jenkinOne.PeojectOne" tests="1" failures="0" timestamp="2022-03-30T15:54:02 IST" time="34.535" errors="0">
  <testcase name="dragdropTest1" time="34.535" classname="jenkinOne.PeojectOne"/>
  <system-out/>
</testsuite> <!-- jenkinOne.PeojectOne -->
