<?xml version="1.0" encoding="UTF-8"?>
<!-- Generated by org.testng.reporters.JUnitReportReporter -->
<testsuite skipped="0" hostname="HP" name="jenkinOne.PeojectOne" tests="1" failures="0" timestamp="2022-04-04T16:24:21 IST" time="32.507" errors="0">
  <testcase name="dragdropTest1" time="32.507" classname="jenkinOne.PeojectOne"/>
  <system-out/>
</testsuite> <!-- jenkinOne.PeojectOne -->
